\BOOKMARK [1][-]{section*.1}{Introduction}{}% 1
\BOOKMARK [2][-]{section*.2}{About\040This\040Report}{section*.1}% 2
\BOOKMARK [2][-]{section*.3}{Report\040structure}{section*.1}% 3
\BOOKMARK [1][-]{section*.4}{Performance\040relative\040to\040fishery\040management\040objectives}{}% 4
\BOOKMARK [2][-]{section*.5}{Seafood\040Production}{section*.4}% 5
\BOOKMARK [3][-]{section*.6}{Indicator:\040Landings;\040commercial\040and\040recreational}{section*.5}% 6
\BOOKMARK [3][-]{section*.12}{Implications}{section*.5}% 7
\BOOKMARK [2][-]{section*.20}{Commercial\040Profits}{section*.4}% 8
\BOOKMARK [3][-]{section*.21}{Indicators:\040revenue\040\(a\040proxy\040for\040profits\)}{section*.20}% 9
\BOOKMARK [3][-]{section*.26}{Implications}{section*.20}% 10
\BOOKMARK [2][-]{section*.27}{Recreational\040Opportunities}{section*.4}% 11
\BOOKMARK [3][-]{section*.28}{Indicators:\040Angler\040trips,\040fleet\040diversity}{section*.27}% 12
\BOOKMARK [3][-]{section*.31}{Implications}{section*.27}% 13
\BOOKMARK [2][-]{section*.32}{Stability}{section*.4}% 14
\BOOKMARK [3][-]{section*.33}{Indicators:\040fishery\040fleet\040and\040catch\040diversity,\040ecological\040component\040diversity,\040total\040primary\040production}{section*.32}% 15
\BOOKMARK [3][-]{section*.42}{Implications}{section*.32}% 16
\BOOKMARK [2][-]{section*.43}{Community\040Social\040and\040Climate\040Vulnerability}{section*.4}% 17
\BOOKMARK [3][-]{section*.44}{Indicators:\040Fishing\040Engagement\040and\040Community\040Social\040Vulnerability}{section*.43}% 18
\BOOKMARK [3][-]{section*.47}{Indicators:\040Community\040Climate\040Vulnerability\040in\040the\040Mid-Atlantic}{section*.43}% 19
\BOOKMARK [3][-]{section*.49}{Implications}{section*.43}% 20
\BOOKMARK [2][-]{section*.50}{Protected\040Species}{section*.4}% 21
\BOOKMARK [3][-]{section*.51}{Indicators:\040bycatch,\040population\040\(adult\040and\040juvenile\)\040numbers,\040mortalities}{section*.50}% 22
\BOOKMARK [3][-]{section*.56}{Implications}{section*.50}% 23
\BOOKMARK [1][-]{section*.58}{Risks\040to\040meeting\040fishery\040management\040objectives}{}% 24
\BOOKMARK [2][-]{section*.59}{Climate\040and\040Ecosystem\040Change}{section*.58}% 25
\BOOKMARK [3][-]{section*.60}{Risks\040to\040Managing\040Spatially}{section*.59}% 26
\BOOKMARK [3][-]{section*.70}{Risks\040to\040Managing\040Seasonally}{section*.59}% 27
\BOOKMARK [3][-]{section*.78}{Risks\040to\040Setting\040Catch\040Limits}{section*.59}% 28
